nohup: ignoring input
108
data/20190320_Pa_n1_t2_2340
  Directory organized properly.

        Trial object loaded from /disk1/astyanax-mexicanus/data/20190320_Pa_n1_t2_2340/trial.pik 

        Trial object saved as /disk1/astyanax-mexicanus/data/20190320_Pa_n1_t2_2340/trial.pik 

       Converting pixels to (x,y) space in (cm,cm).

       /disk1/astyanax-mexicanus/data/20190320_Pa_n1_t2_2340/trial.pik converted according to tank size and location
       as specified in data/20190320_Pa_n1_t2_2340/tank.pik
       Calculating kinematics...
Traceback (most recent call last):
  File "/usr/local/lib/python3.6/dist-packages/pandas/core/frame.py", line 3525, in _ensure_valid_index
    value = Series(value)
  File "/usr/local/lib/python3.6/dist-packages/pandas/core/series.py", line 313, in __init__
    data = SingleBlockManager(data, index, fastpath=True)
  File "/usr/local/lib/python3.6/dist-packages/pandas/core/internals/managers.py", line 1516, in __init__
    block = make_block(block, placement=slice(0, len(axis)), ndim=1)
  File "/usr/local/lib/python3.6/dist-packages/pandas/core/internals/blocks.py", line 3267, in make_block
    return klass(values, ndim=ndim, placement=placement)
  File "/usr/local/lib/python3.6/dist-packages/pandas/core/internals/blocks.py", line 2775, in __init__
    super().__init__(values, ndim=ndim, placement=placement)
  File "/usr/local/lib/python3.6/dist-packages/pandas/core/internals/blocks.py", line 128, in __init__
    "{mgr}".format(val=len(self.values), mgr=len(self.mgr_locs))
ValueError: Wrong number of items passed 7, placement implies 0

During handling of the above exception, another exception occurred:

Traceback (most recent call last):
  File "cv-tracer/process.py", line 18, in <module>
    trial.calculate_kinematics()
  File "/disk1/astyanax-mexicanus/cv-tracer/TrAQ/Trial.py", line 181, in calculate_kinematics
    self.group.calculate_dwall(self.tank.r_cm)
  File "/disk1/astyanax-mexicanus/cv-tracer/TrAQ/Group.py", line 75, in calculate_dwall
    self.fish[i_fish].calculate_dwall(tank_radius)
  File "/disk1/astyanax-mexicanus/cv-tracer/TrAQ/Individual.py", line 59, in calculate_dwall
    ( np.sqrt(pow(row.x,2) + pow(row.y,2)) ), axis=1)
  File "/usr/local/lib/python3.6/dist-packages/pandas/core/frame.py", line 3472, in __setitem__
    self._set_item(key, value)
  File "/usr/local/lib/python3.6/dist-packages/pandas/core/frame.py", line 3548, in _set_item
    self._ensure_valid_index(value)
  File "/usr/local/lib/python3.6/dist-packages/pandas/core/frame.py", line 3528, in _ensure_valid_index
    "Cannot set a frame with no defined index "
ValueError: Cannot set a frame with no defined index and a value that cannot be converted to a Series
  Directory organized properly.

        Trial object loaded from /disk1/astyanax-mexicanus/data/20190320_Pa_n1_t2_2340/trial.pik 

        Trial object saved as /disk1/astyanax-mexicanus/data/20190320_Pa_n1_t2_2340/trial.pik 

       Calculating neighbor distance and alignment across group... 

       ... done 


  Generating occlusion cut using min d_nn = 0.00 cm with 2 buffer frames


  No occlusion cuts to make for single fish.


  Generating speed cut using range [1.00, 100.00] cm/s with 2 buffer frames
    ... for fish 0, 
Traceback (most recent call last):
  File "/usr/local/lib/python3.6/dist-packages/pandas/core/frame.py", line 3525, in _ensure_valid_index
    value = Series(value)
  File "/usr/local/lib/python3.6/dist-packages/pandas/core/series.py", line 313, in __init__
    data = SingleBlockManager(data, index, fastpath=True)
  File "/usr/local/lib/python3.6/dist-packages/pandas/core/internals/managers.py", line 1516, in __init__
    block = make_block(block, placement=slice(0, len(axis)), ndim=1)
  File "/usr/local/lib/python3.6/dist-packages/pandas/core/internals/blocks.py", line 3267, in make_block
    return klass(values, ndim=ndim, placement=placement)
  File "/usr/local/lib/python3.6/dist-packages/pandas/core/internals/blocks.py", line 2775, in __init__
    super().__init__(values, ndim=ndim, placement=placement)
  File "/usr/local/lib/python3.6/dist-packages/pandas/core/internals/blocks.py", line 128, in __init__
    "{mgr}".format(val=len(self.values), mgr=len(self.mgr_locs))
ValueError: Wrong number of items passed 1, placement implies 0

During handling of the above exception, another exception occurred:

Traceback (most recent call last):
  File "cv-tracer/statistics.py", line 38, in <module>
    ocut = ocut, vcut = vcut, wcut = wcut)
  File "/disk1/astyanax-mexicanus/cv-tracer/TrAQ/Trial.py", line 209, in evaluate_cuts
    self.group.cut_speed(self.fps, vcut, n_buffer_frames)
  File "/disk1/astyanax-mexicanus/cv-tracer/TrAQ/Group.py", line 152, in cut_speed
    self.fish[i_fish].cut_speed(fps, speed_range, n_buffer_frames)
  File "/disk1/astyanax-mexicanus/cv-tracer/TrAQ/Individual.py", line 138, in cut_speed
    (row[0] < speed_range[0] or row[0] > speed_range[1]), axis=1)
  File "/usr/local/lib/python3.6/dist-packages/pandas/core/frame.py", line 3472, in __setitem__
    self._set_item(key, value)
  File "/usr/local/lib/python3.6/dist-packages/pandas/core/frame.py", line 3548, in _set_item
    self._ensure_valid_index(value)
  File "/usr/local/lib/python3.6/dist-packages/pandas/core/frame.py", line 3528, in _ensure_valid_index
    "Cannot set a frame with no defined index "
ValueError: Cannot set a frame with no defined index and a value that cannot be converted to a Series
105
data/20190320_Pa_n1_t5_2402
  Directory organized properly.

        Trial object loaded from /disk1/astyanax-mexicanus/data/20190320_Pa_n1_t5_2402/trial.pik 

        Trial object saved as /disk1/astyanax-mexicanus/data/20190320_Pa_n1_t5_2402/trial.pik 

       Converting pixels to (x,y) space in (cm,cm).

       /disk1/astyanax-mexicanus/data/20190320_Pa_n1_t5_2402/trial.pik converted according to tank size and location
       as specified in data/20190320_Pa_n1_t5_2402/tank.pik
       Calculating kinematics...

        Trial object saved as /disk1/astyanax-mexicanus/data/20190320_Pa_n1_t5_2402/trial.pik 

       ... kinematics calculated for Trial and saved in
             /disk1/astyanax-mexicanus/data/20190320_Pa_n1_t5_2402/trial.pik 

        Trial object saved as /disk1/astyanax-mexicanus/data/20190320_Pa_n1_t5_2402/trial.pik 
  Directory organized properly.

        Trial object loaded from /disk1/astyanax-mexicanus/data/20190320_Pa_n1_t5_2402/trial.pik 

        Trial object saved as /disk1/astyanax-mexicanus/data/20190320_Pa_n1_t5_2402/trial.pik 

       Calculating neighbor distance and alignment across group... 

       ... done 


  Generating occlusion cut using min d_nn = 0.00 cm with 2 buffer frames


  No occlusion cuts to make for single fish.


  Generating speed cut using range [1.00, 100.00] cm/s with 2 buffer frames
    ... for fish 0, 


  Generating angular speed cut using range [-40.00, 40.00] rad/s with 2 buffer frames
    ... for fish 0, 


  Combining all cuts.... 
    ... for fish 0, 

        Trial object saved as /disk1/astyanax-mexicanus/data/20190320_Pa_n1_t5_2402/trial.pik 
98
data/20190404_SF_n2_t3_3047
  Directory organized properly.

        Trial object loaded from /disk1/astyanax-mexicanus/data/20190404_SF_n2_t3_3047/trial.pik 

        Trial object saved as /disk1/astyanax-mexicanus/data/20190404_SF_n2_t3_3047/trial.pik 

       Converting pixels to (x,y) space in (cm,cm).

       /disk1/astyanax-mexicanus/data/20190404_SF_n2_t3_3047/trial.pik converted according to tank size and location
       as specified in data/20190404_SF_n2_t3_3047/tank.pik
       Calculating kinematics...

        Trial object saved as /disk1/astyanax-mexicanus/data/20190404_SF_n2_t3_3047/trial.pik 

       ... kinematics calculated for Trial and saved in
             /disk1/astyanax-mexicanus/data/20190404_SF_n2_t3_3047/trial.pik 

        Trial object saved as /disk1/astyanax-mexicanus/data/20190404_SF_n2_t3_3047/trial.pik 
  Directory organized properly.

        Trial object loaded from /disk1/astyanax-mexicanus/data/20190404_SF_n2_t3_3047/trial.pik 

        Trial object saved as /disk1/astyanax-mexicanus/data/20190404_SF_n2_t3_3047/trial.pik 

       Calculating neighbor distance and alignment across group... 

       ... done 


  Generating occlusion cut using min d_nn = 0.00 cm with 2 buffer frames
    ... for fish 0, 
    ... for fish 1, 


  Generating speed cut using range [1.00, 100.00] cm/s with 2 buffer frames
    ... for fish 0, 
    ... for fish 1, 


  Generating angular speed cut using range [-40.00, 40.00] rad/s with 2 buffer frames
    ... for fish 0, 
    ... for fish 1, 


  Combining all cuts.... 
    ... for fish 0, 
    ... for fish 1, 

        Trial object saved as /disk1/astyanax-mexicanus/data/20190404_SF_n2_t3_3047/trial.pik 
93
data/20190503_SF_n1_t2_3001
  Directory organized properly.

        Trial object loaded from /disk1/astyanax-mexicanus/data/20190503_SF_n1_t2_3001/trial.pik 

        Trial object saved as /disk1/astyanax-mexicanus/data/20190503_SF_n1_t2_3001/trial.pik 

       Converting pixels to (x,y) space in (cm,cm).

       /disk1/astyanax-mexicanus/data/20190503_SF_n1_t2_3001/trial.pik converted according to tank size and location
       as specified in data/20190503_SF_n1_t2_3001/tank.pik
       Calculating kinematics...

        Trial object saved as /disk1/astyanax-mexicanus/data/20190503_SF_n1_t2_3001/trial.pik 

       ... kinematics calculated for Trial and saved in
             /disk1/astyanax-mexicanus/data/20190503_SF_n1_t2_3001/trial.pik 

        Trial object saved as /disk1/astyanax-mexicanus/data/20190503_SF_n1_t2_3001/trial.pik 
  Directory organized properly.

        Trial object loaded from /disk1/astyanax-mexicanus/data/20190503_SF_n1_t2_3001/trial.pik 

        Trial object saved as /disk1/astyanax-mexicanus/data/20190503_SF_n1_t2_3001/trial.pik 

       Calculating neighbor distance and alignment across group... 

       ... done 


  Generating occlusion cut using min d_nn = 0.00 cm with 2 buffer frames


  No occlusion cuts to make for single fish.


  Generating speed cut using range [1.00, 100.00] cm/s with 2 buffer frames
    ... for fish 0, 


  Generating angular speed cut using range [-40.00, 40.00] rad/s with 2 buffer frames
    ... for fish 0, 


  Combining all cuts.... 
    ... for fish 0, 

        Trial object saved as /disk1/astyanax-mexicanus/data/20190503_SF_n1_t2_3001/trial.pik 
87
data/20190504_SF_n1_t2_5329
  Directory organized properly.

        Trial object loaded from /disk1/astyanax-mexicanus/data/20190504_SF_n1_t2_5329/trial.pik 

        Trial object saved as /disk1/astyanax-mexicanus/data/20190504_SF_n1_t2_5329/trial.pik 

       Converting pixels to (x,y) space in (cm,cm).

       /disk1/astyanax-mexicanus/data/20190504_SF_n1_t2_5329/trial.pik converted according to tank size and location
       as specified in data/20190504_SF_n1_t2_5329/tank.pik
       Calculating kinematics...
Traceback (most recent call last):
  File "/usr/local/lib/python3.6/dist-packages/pandas/core/frame.py", line 3525, in _ensure_valid_index
    value = Series(value)
  File "/usr/local/lib/python3.6/dist-packages/pandas/core/series.py", line 313, in __init__
    data = SingleBlockManager(data, index, fastpath=True)
  File "/usr/local/lib/python3.6/dist-packages/pandas/core/internals/managers.py", line 1516, in __init__
    block = make_block(block, placement=slice(0, len(axis)), ndim=1)
  File "/usr/local/lib/python3.6/dist-packages/pandas/core/internals/blocks.py", line 3267, in make_block
    return klass(values, ndim=ndim, placement=placement)
  File "/usr/local/lib/python3.6/dist-packages/pandas/core/internals/blocks.py", line 2775, in __init__
    super().__init__(values, ndim=ndim, placement=placement)
  File "/usr/local/lib/python3.6/dist-packages/pandas/core/internals/blocks.py", line 128, in __init__
    "{mgr}".format(val=len(self.values), mgr=len(self.mgr_locs))
ValueError: Wrong number of items passed 7, placement implies 0

During handling of the above exception, another exception occurred:

Traceback (most recent call last):
  File "cv-tracer/process.py", line 18, in <module>
    trial.calculate_kinematics()
  File "/disk1/astyanax-mexicanus/cv-tracer/TrAQ/Trial.py", line 181, in calculate_kinematics
    self.group.calculate_dwall(self.tank.r_cm)
  File "/disk1/astyanax-mexicanus/cv-tracer/TrAQ/Group.py", line 75, in calculate_dwall
    self.fish[i_fish].calculate_dwall(tank_radius)
  File "/disk1/astyanax-mexicanus/cv-tracer/TrAQ/Individual.py", line 59, in calculate_dwall
    ( np.sqrt(pow(row.x,2) + pow(row.y,2)) ), axis=1)
  File "/usr/local/lib/python3.6/dist-packages/pandas/core/frame.py", line 3472, in __setitem__
    self._set_item(key, value)
  File "/usr/local/lib/python3.6/dist-packages/pandas/core/frame.py", line 3548, in _set_item
    self._ensure_valid_index(value)
  File "/usr/local/lib/python3.6/dist-packages/pandas/core/frame.py", line 3528, in _ensure_valid_index
    "Cannot set a frame with no defined index "
ValueError: Cannot set a frame with no defined index and a value that cannot be converted to a Series
  Directory organized properly.

        Trial object loaded from /disk1/astyanax-mexicanus/data/20190504_SF_n1_t2_5329/trial.pik 

        Trial object saved as /disk1/astyanax-mexicanus/data/20190504_SF_n1_t2_5329/trial.pik 

       Calculating neighbor distance and alignment across group... 

       ... done 


  Generating occlusion cut using min d_nn = 0.00 cm with 2 buffer frames


  No occlusion cuts to make for single fish.


  Generating speed cut using range [1.00, 100.00] cm/s with 2 buffer frames
    ... for fish 0, 
Traceback (most recent call last):
  File "/usr/local/lib/python3.6/dist-packages/pandas/core/frame.py", line 3525, in _ensure_valid_index
    value = Series(value)
  File "/usr/local/lib/python3.6/dist-packages/pandas/core/series.py", line 313, in __init__
    data = SingleBlockManager(data, index, fastpath=True)
  File "/usr/local/lib/python3.6/dist-packages/pandas/core/internals/managers.py", line 1516, in __init__
    block = make_block(block, placement=slice(0, len(axis)), ndim=1)
  File "/usr/local/lib/python3.6/dist-packages/pandas/core/internals/blocks.py", line 3267, in make_block
    return klass(values, ndim=ndim, placement=placement)
  File "/usr/local/lib/python3.6/dist-packages/pandas/core/internals/blocks.py", line 2775, in __init__
    super().__init__(values, ndim=ndim, placement=placement)
  File "/usr/local/lib/python3.6/dist-packages/pandas/core/internals/blocks.py", line 128, in __init__
    "{mgr}".format(val=len(self.values), mgr=len(self.mgr_locs))
ValueError: Wrong number of items passed 1, placement implies 0

During handling of the above exception, another exception occurred:

Traceback (most recent call last):
  File "cv-tracer/statistics.py", line 38, in <module>
    ocut = ocut, vcut = vcut, wcut = wcut)
  File "/disk1/astyanax-mexicanus/cv-tracer/TrAQ/Trial.py", line 209, in evaluate_cuts
    self.group.cut_speed(self.fps, vcut, n_buffer_frames)
  File "/disk1/astyanax-mexicanus/cv-tracer/TrAQ/Group.py", line 152, in cut_speed
    self.fish[i_fish].cut_speed(fps, speed_range, n_buffer_frames)
  File "/disk1/astyanax-mexicanus/cv-tracer/TrAQ/Individual.py", line 138, in cut_speed
    (row[0] < speed_range[0] or row[0] > speed_range[1]), axis=1)
  File "/usr/local/lib/python3.6/dist-packages/pandas/core/frame.py", line 3472, in __setitem__
    self._set_item(key, value)
  File "/usr/local/lib/python3.6/dist-packages/pandas/core/frame.py", line 3548, in _set_item
    self._ensure_valid_index(value)
  File "/usr/local/lib/python3.6/dist-packages/pandas/core/frame.py", line 3528, in _ensure_valid_index
    "Cannot set a frame with no defined index "
ValueError: Cannot set a frame with no defined index and a value that cannot be converted to a Series
85
data/20190504_SF_n5_t2_3054
  Directory organized properly.

        Trial object loaded from /disk1/astyanax-mexicanus/data/20190504_SF_n5_t2_3054/trial.pik 

        Trial object saved as /disk1/astyanax-mexicanus/data/20190504_SF_n5_t2_3054/trial.pik 

       Converting pixels to (x,y) space in (cm,cm).

       /disk1/astyanax-mexicanus/data/20190504_SF_n5_t2_3054/trial.pik converted according to tank size and location
       as specified in data/20190504_SF_n5_t2_3054/tank.pik
       Calculating kinematics...

        Trial object saved as /disk1/astyanax-mexicanus/data/20190504_SF_n5_t2_3054/trial.pik 

       ... kinematics calculated for Trial and saved in
             /disk1/astyanax-mexicanus/data/20190504_SF_n5_t2_3054/trial.pik 

        Trial object saved as /disk1/astyanax-mexicanus/data/20190504_SF_n5_t2_3054/trial.pik 
  Directory organized properly.

        Trial object loaded from /disk1/astyanax-mexicanus/data/20190504_SF_n5_t2_3054/trial.pik 

        Trial object saved as /disk1/astyanax-mexicanus/data/20190504_SF_n5_t2_3054/trial.pik 

       Calculating neighbor distance and alignment across group... 

       ... done 


  Generating occlusion cut using min d_nn = 0.00 cm with 2 buffer frames
    ... for fish 0, 
    ... for fish 1, 
    ... for fish 2, 
    ... for fish 3, 
    ... for fish 4, 


  Generating speed cut using range [1.00, 100.00] cm/s with 2 buffer frames
    ... for fish 0, 
    ... for fish 1, 
    ... for fish 2, 
    ... for fish 3, 
    ... for fish 4, 


  Generating angular speed cut using range [-40.00, 40.00] rad/s with 2 buffer frames
    ... for fish 0, 
    ... for fish 1, 
    ... for fish 2, 
    ... for fish 3, 
    ... for fish 4, 


  Combining all cuts.... 
    ... for fish 0, 
    ... for fish 1, 
    ... for fish 2, 
    ... for fish 3, 
    ... for fish 4, 

        Trial object saved as /disk1/astyanax-mexicanus/data/20190504_SF_n5_t2_3054/trial.pik 
70
data/20190513_SF_n5_t2_3236
  Directory organized properly.

        Trial object loaded from /disk1/astyanax-mexicanus/data/20190513_SF_n5_t2_3236/trial.pik 

        Trial object saved as /disk1/astyanax-mexicanus/data/20190513_SF_n5_t2_3236/trial.pik 

       Converting pixels to (x,y) space in (cm,cm).

       /disk1/astyanax-mexicanus/data/20190513_SF_n5_t2_3236/trial.pik converted according to tank size and location
       as specified in data/20190513_SF_n5_t2_3236/tank.pik
       Calculating kinematics...

        Trial object saved as /disk1/astyanax-mexicanus/data/20190513_SF_n5_t2_3236/trial.pik 

       ... kinematics calculated for Trial and saved in
             /disk1/astyanax-mexicanus/data/20190513_SF_n5_t2_3236/trial.pik 

        Trial object saved as /disk1/astyanax-mexicanus/data/20190513_SF_n5_t2_3236/trial.pik 
  Directory organized properly.

        Trial object loaded from /disk1/astyanax-mexicanus/data/20190513_SF_n5_t2_3236/trial.pik 

        Trial object saved as /disk1/astyanax-mexicanus/data/20190513_SF_n5_t2_3236/trial.pik 

       Calculating neighbor distance and alignment across group... 

       ... done 


  Generating occlusion cut using min d_nn = 0.00 cm with 2 buffer frames
    ... for fish 0, 
    ... for fish 1, 
    ... for fish 2, 
    ... for fish 3, 
    ... for fish 4, 


  Generating speed cut using range [1.00, 100.00] cm/s with 2 buffer frames
    ... for fish 0, 
    ... for fish 1, 
    ... for fish 2, 
    ... for fish 3, 
    ... for fish 4, 


  Generating angular speed cut using range [-40.00, 40.00] rad/s with 2 buffer frames
    ... for fish 0, 
    ... for fish 1, 
    ... for fish 2, 
    ... for fish 3, 
    ... for fish 4, 


  Combining all cuts.... 
    ... for fish 0, 
    ... for fish 1, 
    ... for fish 2, 
    ... for fish 3, 
    ... for fish 4, 

        Trial object saved as /disk1/astyanax-mexicanus/data/20190513_SF_n5_t2_3236/trial.pik 
55
data/20190521_Pa_n2_t2_3329
  Directory organized properly.

        Trial object loaded from /disk1/astyanax-mexicanus/data/20190521_Pa_n2_t2_3329/trial.pik 

        Trial object saved as /disk1/astyanax-mexicanus/data/20190521_Pa_n2_t2_3329/trial.pik 

       Converting pixels to (x,y) space in (cm,cm).

       /disk1/astyanax-mexicanus/data/20190521_Pa_n2_t2_3329/trial.pik converted according to tank size and location
       as specified in data/20190521_Pa_n2_t2_3329/tank.pik
       Calculating kinematics...

        Trial object saved as /disk1/astyanax-mexicanus/data/20190521_Pa_n2_t2_3329/trial.pik 

       ... kinematics calculated for Trial and saved in
             /disk1/astyanax-mexicanus/data/20190521_Pa_n2_t2_3329/trial.pik 

        Trial object saved as /disk1/astyanax-mexicanus/data/20190521_Pa_n2_t2_3329/trial.pik 
  Directory organized properly.

        Trial object loaded from /disk1/astyanax-mexicanus/data/20190521_Pa_n2_t2_3329/trial.pik 

        Trial object saved as /disk1/astyanax-mexicanus/data/20190521_Pa_n2_t2_3329/trial.pik 

       Calculating neighbor distance and alignment across group... 

       ... done 


  Generating occlusion cut using min d_nn = 0.00 cm with 2 buffer frames
    ... for fish 0, 
    ... for fish 1, 


  Generating speed cut using range [1.00, 100.00] cm/s with 2 buffer frames
    ... for fish 0, 
    ... for fish 1, 


  Generating angular speed cut using range [-40.00, 40.00] rad/s with 2 buffer frames
    ... for fish 0, 
    ... for fish 1, 


  Combining all cuts.... 
    ... for fish 0, 
    ... for fish 1, 

        Trial object saved as /disk1/astyanax-mexicanus/data/20190521_Pa_n2_t2_3329/trial.pik 
/home/apatch/.local/lib/python3.6/site-packages/numpy/core/fromnumeric.py:3257: RuntimeWarning: Mean of empty slice.
  out=out, **kwargs)
/home/apatch/.local/lib/python3.6/site-packages/numpy/core/_methods.py:161: RuntimeWarning: invalid value encountered in double_scalars
  ret = ret.dtype.type(ret / rcount)
/home/apatch/.local/lib/python3.6/site-packages/numpy/core/_methods.py:217: RuntimeWarning: Degrees of freedom <= 0 for slice
  keepdims=keepdims)
/home/apatch/.local/lib/python3.6/site-packages/numpy/core/_methods.py:186: RuntimeWarning: invalid value encountered in true_divide
  arrmean, rcount, out=arrmean, casting='unsafe', subok=False)
/home/apatch/.local/lib/python3.6/site-packages/numpy/core/_methods.py:209: RuntimeWarning: invalid value encountered in double_scalars
  ret = ret.dtype.type(ret / rcount)
/home/apatch/.local/lib/python3.6/site-packages/numpy/lib/histograms.py:898: RuntimeWarning: invalid value encountered in true_divide
  return n/db/n.sum(), bin_edges
/disk1/astyanax-mexicanus/cv-tracer/Analysis/Math.py:24: RuntimeWarning: Mean of empty slice
  mean_tmp = np.nanmean(l)
/home/apatch/.local/lib/python3.6/site-packages/numpy/lib/nanfunctions.py:1666: RuntimeWarning: Degrees of freedom <= 0 for slice.
  keepdims=keepdims)
/disk1/astyanax-mexicanus/cv-tracer/Analysis/Math.py:43: RuntimeWarning: Mean of empty slice
  bin_mean = np.nanmean(l[valid,i,1])
50
data/20190521_Pa_n5_t4_3226
  Directory organized properly.

        Trial object loaded from /disk1/astyanax-mexicanus/data/20190521_Pa_n5_t4_3226/trial.pik 

        Trial object saved as /disk1/astyanax-mexicanus/data/20190521_Pa_n5_t4_3226/trial.pik 

       Converting pixels to (x,y) space in (cm,cm).

       /disk1/astyanax-mexicanus/data/20190521_Pa_n5_t4_3226/trial.pik converted according to tank size and location
       as specified in data/20190521_Pa_n5_t4_3226/tank.pik
       Calculating kinematics...

        Trial object saved as /disk1/astyanax-mexicanus/data/20190521_Pa_n5_t4_3226/trial.pik 

       ... kinematics calculated for Trial and saved in
             /disk1/astyanax-mexicanus/data/20190521_Pa_n5_t4_3226/trial.pik 

        Trial object saved as /disk1/astyanax-mexicanus/data/20190521_Pa_n5_t4_3226/trial.pik 
  Directory organized properly.

        Trial object loaded from /disk1/astyanax-mexicanus/data/20190521_Pa_n5_t4_3226/trial.pik 

        Trial object saved as /disk1/astyanax-mexicanus/data/20190521_Pa_n5_t4_3226/trial.pik 

       Calculating neighbor distance and alignment across group... 

       ... done 


  Generating occlusion cut using min d_nn = 0.00 cm with 2 buffer frames
    ... for fish 0, 
    ... for fish 1, 
    ... for fish 2, 
    ... for fish 3, 
    ... for fish 4, 


  Generating speed cut using range [1.00, 100.00] cm/s with 2 buffer frames
    ... for fish 0, 
    ... for fish 1, 
    ... for fish 2, 
    ... for fish 3, 
    ... for fish 4, 


  Generating angular speed cut using range [-40.00, 40.00] rad/s with 2 buffer frames
    ... for fish 0, 
    ... for fish 1, 
    ... for fish 2, 
    ... for fish 3, 
    ... for fish 4, 


  Combining all cuts.... 
    ... for fish 0, 
    ... for fish 1, 
    ... for fish 2, 
    ... for fish 3, 
    ... for fish 4, 

        Trial object saved as /disk1/astyanax-mexicanus/data/20190521_Pa_n5_t4_3226/trial.pik 
/home/apatch/.local/lib/python3.6/site-packages/numpy/core/fromnumeric.py:3257: RuntimeWarning: Mean of empty slice.
  out=out, **kwargs)
/home/apatch/.local/lib/python3.6/site-packages/numpy/core/_methods.py:161: RuntimeWarning: invalid value encountered in double_scalars
  ret = ret.dtype.type(ret / rcount)
/home/apatch/.local/lib/python3.6/site-packages/numpy/core/_methods.py:217: RuntimeWarning: Degrees of freedom <= 0 for slice
  keepdims=keepdims)
/home/apatch/.local/lib/python3.6/site-packages/numpy/core/_methods.py:186: RuntimeWarning: invalid value encountered in true_divide
  arrmean, rcount, out=arrmean, casting='unsafe', subok=False)
/home/apatch/.local/lib/python3.6/site-packages/numpy/core/_methods.py:209: RuntimeWarning: invalid value encountered in double_scalars
  ret = ret.dtype.type(ret / rcount)
/home/apatch/.local/lib/python3.6/site-packages/numpy/lib/histograms.py:898: RuntimeWarning: invalid value encountered in true_divide
  return n/db/n.sum(), bin_edges
41
data/20190606_LL_n5_control_3140
  Directory organized properly.

        Trial object loaded from /disk1/astyanax-mexicanus/data/20190606_LL_n5_control_3140/trial.pik 

        Trial object saved as /disk1/astyanax-mexicanus/data/20190606_LL_n5_control_3140/trial.pik 

       Converting pixels to (x,y) space in (cm,cm).

       /disk1/astyanax-mexicanus/data/20190606_LL_n5_control_3140/trial.pik converted according to tank size and location
       as specified in data/20190606_LL_n5_control_3140/tank.pik
       Calculating kinematics...

        Trial object saved as /disk1/astyanax-mexicanus/data/20190606_LL_n5_control_3140/trial.pik 

       ... kinematics calculated for Trial and saved in
             /disk1/astyanax-mexicanus/data/20190606_LL_n5_control_3140/trial.pik 

        Trial object saved as /disk1/astyanax-mexicanus/data/20190606_LL_n5_control_3140/trial.pik 
  Directory organized properly.

        Trial object loaded from /disk1/astyanax-mexicanus/data/20190606_LL_n5_control_3140/trial.pik 

        Trial object saved as /disk1/astyanax-mexicanus/data/20190606_LL_n5_control_3140/trial.pik 

       Calculating neighbor distance and alignment across group... 

       ... done 


  Generating occlusion cut using min d_nn = 0.00 cm with 2 buffer frames
    ... for fish 0, 
    ... for fish 1, 
    ... for fish 2, 
    ... for fish 3, 
    ... for fish 4, 


  Generating speed cut using range [1.00, 100.00] cm/s with 2 buffer frames
    ... for fish 0, 
    ... for fish 1, 
    ... for fish 2, 
    ... for fish 3, 
    ... for fish 4, 


  Generating angular speed cut using range [-40.00, 40.00] rad/s with 2 buffer frames
    ... for fish 0, 
    ... for fish 1, 
    ... for fish 2, 
    ... for fish 3, 
    ... for fish 4, 


  Combining all cuts.... 
    ... for fish 0, 
    ... for fish 1, 
    ... for fish 2, 
    ... for fish 3, 
    ... for fish 4, 

        Trial object saved as /disk1/astyanax-mexicanus/data/20190606_LL_n5_control_3140/trial.pik 
26
data/20190620_SF_n1_t4_3012
  Directory organized properly.

        Trial object loaded from /disk1/astyanax-mexicanus/data/20190620_SF_n1_t4_3012/trial.pik 

        Trial object saved as /disk1/astyanax-mexicanus/data/20190620_SF_n1_t4_3012/trial.pik 

       Converting pixels to (x,y) space in (cm,cm).

       /disk1/astyanax-mexicanus/data/20190620_SF_n1_t4_3012/trial.pik converted according to tank size and location
       as specified in data/20190620_SF_n1_t4_3012/tank.pik
       Calculating kinematics...

        Trial object saved as /disk1/astyanax-mexicanus/data/20190620_SF_n1_t4_3012/trial.pik 

       ... kinematics calculated for Trial and saved in
             /disk1/astyanax-mexicanus/data/20190620_SF_n1_t4_3012/trial.pik 

        Trial object saved as /disk1/astyanax-mexicanus/data/20190620_SF_n1_t4_3012/trial.pik 
  Directory organized properly.

        Trial object loaded from /disk1/astyanax-mexicanus/data/20190620_SF_n1_t4_3012/trial.pik 

        Trial object saved as /disk1/astyanax-mexicanus/data/20190620_SF_n1_t4_3012/trial.pik 

       Calculating neighbor distance and alignment across group... 

       ... done 


  Generating occlusion cut using min d_nn = 0.00 cm with 2 buffer frames


  No occlusion cuts to make for single fish.


  Generating speed cut using range [1.00, 100.00] cm/s with 2 buffer frames
    ... for fish 0, 


  Generating angular speed cut using range [-40.00, 40.00] rad/s with 2 buffer frames
    ... for fish 0, 


  Combining all cuts.... 
    ... for fish 0, 

        Trial object saved as /disk1/astyanax-mexicanus/data/20190620_SF_n1_t4_3012/trial.pik 
/home/apatch/.local/lib/python3.6/site-packages/numpy/core/fromnumeric.py:3257: RuntimeWarning: Mean of empty slice.
  out=out, **kwargs)
/home/apatch/.local/lib/python3.6/site-packages/numpy/core/_methods.py:161: RuntimeWarning: invalid value encountered in double_scalars
  ret = ret.dtype.type(ret / rcount)
/home/apatch/.local/lib/python3.6/site-packages/numpy/core/_methods.py:217: RuntimeWarning: Degrees of freedom <= 0 for slice
  keepdims=keepdims)
/home/apatch/.local/lib/python3.6/site-packages/numpy/core/_methods.py:186: RuntimeWarning: invalid value encountered in true_divide
  arrmean, rcount, out=arrmean, casting='unsafe', subok=False)
/home/apatch/.local/lib/python3.6/site-packages/numpy/core/_methods.py:209: RuntimeWarning: invalid value encountered in double_scalars
  ret = ret.dtype.type(ret / rcount)
/home/apatch/.local/lib/python3.6/site-packages/numpy/lib/histograms.py:898: RuntimeWarning: invalid value encountered in true_divide
  return n/db/n.sum(), bin_edges
/disk1/astyanax-mexicanus/cv-tracer/Analysis/Math.py:24: RuntimeWarning: Mean of empty slice
  mean_tmp = np.nanmean(l)
/home/apatch/.local/lib/python3.6/site-packages/numpy/lib/nanfunctions.py:1666: RuntimeWarning: Degrees of freedom <= 0 for slice.
  keepdims=keepdims)
/disk1/astyanax-mexicanus/cv-tracer/Analysis/Math.py:43: RuntimeWarning: Mean of empty slice
  bin_mean = np.nanmean(l[valid,i,1])
20
data/20190710_Pa_n1_t1_3239
  Directory organized properly.

        Trial object loaded from /disk1/astyanax-mexicanus/data/20190710_Pa_n1_t1_3239/trial.pik 

        Trial object saved as /disk1/astyanax-mexicanus/data/20190710_Pa_n1_t1_3239/trial.pik 

       Converting pixels to (x,y) space in (cm,cm).

       /disk1/astyanax-mexicanus/data/20190710_Pa_n1_t1_3239/trial.pik converted according to tank size and location
       as specified in data/20190710_Pa_n1_t1_3239/tank.pik
       Calculating kinematics...

        Trial object saved as /disk1/astyanax-mexicanus/data/20190710_Pa_n1_t1_3239/trial.pik 

       ... kinematics calculated for Trial and saved in
             /disk1/astyanax-mexicanus/data/20190710_Pa_n1_t1_3239/trial.pik 

        Trial object saved as /disk1/astyanax-mexicanus/data/20190710_Pa_n1_t1_3239/trial.pik 
  Directory organized properly.

        Trial object loaded from /disk1/astyanax-mexicanus/data/20190710_Pa_n1_t1_3239/trial.pik 

        Trial object saved as /disk1/astyanax-mexicanus/data/20190710_Pa_n1_t1_3239/trial.pik 

       Calculating neighbor distance and alignment across group... 

       ... done 


  Generating occlusion cut using min d_nn = 0.00 cm with 2 buffer frames


  No occlusion cuts to make for single fish.


  Generating speed cut using range [1.00, 100.00] cm/s with 2 buffer frames
    ... for fish 0, 


  Generating angular speed cut using range [-40.00, 40.00] rad/s with 2 buffer frames
    ... for fish 0, 


  Combining all cuts.... 
    ... for fish 0, 

        Trial object saved as /disk1/astyanax-mexicanus/data/20190710_Pa_n1_t1_3239/trial.pik 
18
data/20190710_Pa_n1_t3_3516
  Directory organized properly.

        Trial object loaded from /disk1/astyanax-mexicanus/data/20190710_Pa_n1_t3_3516/trial.pik 

        Trial object saved as /disk1/astyanax-mexicanus/data/20190710_Pa_n1_t3_3516/trial.pik 

       Converting pixels to (x,y) space in (cm,cm).

       /disk1/astyanax-mexicanus/data/20190710_Pa_n1_t3_3516/trial.pik converted according to tank size and location
       as specified in data/20190710_Pa_n1_t3_3516/tank.pik
       Calculating kinematics...

        Trial object saved as /disk1/astyanax-mexicanus/data/20190710_Pa_n1_t3_3516/trial.pik 

       ... kinematics calculated for Trial and saved in
             /disk1/astyanax-mexicanus/data/20190710_Pa_n1_t3_3516/trial.pik 

        Trial object saved as /disk1/astyanax-mexicanus/data/20190710_Pa_n1_t3_3516/trial.pik 
  Directory organized properly.

        Trial object loaded from /disk1/astyanax-mexicanus/data/20190710_Pa_n1_t3_3516/trial.pik 

        Trial object saved as /disk1/astyanax-mexicanus/data/20190710_Pa_n1_t3_3516/trial.pik 

       Calculating neighbor distance and alignment across group... 

       ... done 


  Generating occlusion cut using min d_nn = 0.00 cm with 2 buffer frames


  No occlusion cuts to make for single fish.


  Generating speed cut using range [1.00, 100.00] cm/s with 2 buffer frames
    ... for fish 0, 


  Generating angular speed cut using range [-40.00, 40.00] rad/s with 2 buffer frames
    ... for fish 0, 


  Combining all cuts.... 
    ... for fish 0, 

        Trial object saved as /disk1/astyanax-mexicanus/data/20190710_Pa_n1_t3_3516/trial.pik 
14
data/20190712_SF_n1_t1_3108
  Directory organized properly.

        Trial object loaded from /disk1/astyanax-mexicanus/data/20190712_SF_n1_t1_3108/trial.pik 

        Trial object saved as /disk1/astyanax-mexicanus/data/20190712_SF_n1_t1_3108/trial.pik 

       Converting pixels to (x,y) space in (cm,cm).

       /disk1/astyanax-mexicanus/data/20190712_SF_n1_t1_3108/trial.pik converted according to tank size and location
       as specified in data/20190712_SF_n1_t1_3108/tank.pik
       Calculating kinematics...

        Trial object saved as /disk1/astyanax-mexicanus/data/20190712_SF_n1_t1_3108/trial.pik 

       ... kinematics calculated for Trial and saved in
             /disk1/astyanax-mexicanus/data/20190712_SF_n1_t1_3108/trial.pik 

        Trial object saved as /disk1/astyanax-mexicanus/data/20190712_SF_n1_t1_3108/trial.pik 
  Directory organized properly.

        Trial object loaded from /disk1/astyanax-mexicanus/data/20190712_SF_n1_t1_3108/trial.pik 

        Trial object saved as /disk1/astyanax-mexicanus/data/20190712_SF_n1_t1_3108/trial.pik 

       Calculating neighbor distance and alignment across group... 

       ... done 


  Generating occlusion cut using min d_nn = 0.00 cm with 2 buffer frames


  No occlusion cuts to make for single fish.


  Generating speed cut using range [1.00, 100.00] cm/s with 2 buffer frames
    ... for fish 0, 


  Generating angular speed cut using range [-40.00, 40.00] rad/s with 2 buffer frames
    ... for fish 0, 


  Combining all cuts.... 
    ... for fish 0, 

        Trial object saved as /disk1/astyanax-mexicanus/data/20190712_SF_n1_t1_3108/trial.pik 
10
data/20190724_SF_n1_t1_3441
  Directory organized properly.

        Trial object loaded from /disk1/astyanax-mexicanus/data/20190724_SF_n1_t1_3441/trial.pik 

        Trial object saved as /disk1/astyanax-mexicanus/data/20190724_SF_n1_t1_3441/trial.pik 

       Converting pixels to (x,y) space in (cm,cm).

       /disk1/astyanax-mexicanus/data/20190724_SF_n1_t1_3441/trial.pik converted according to tank size and location
       as specified in data/20190724_SF_n1_t1_3441/tank.pik
       Calculating kinematics...

        Trial object saved as /disk1/astyanax-mexicanus/data/20190724_SF_n1_t1_3441/trial.pik 

       ... kinematics calculated for Trial and saved in
             /disk1/astyanax-mexicanus/data/20190724_SF_n1_t1_3441/trial.pik 

        Trial object saved as /disk1/astyanax-mexicanus/data/20190724_SF_n1_t1_3441/trial.pik 
  Directory organized properly.

        Trial object loaded from /disk1/astyanax-mexicanus/data/20190724_SF_n1_t1_3441/trial.pik 

        Trial object saved as /disk1/astyanax-mexicanus/data/20190724_SF_n1_t1_3441/trial.pik 

       Calculating neighbor distance and alignment across group... 

       ... done 


  Generating occlusion cut using min d_nn = 0.00 cm with 2 buffer frames


  No occlusion cuts to make for single fish.


  Generating speed cut using range [1.00, 100.00] cm/s with 2 buffer frames
    ... for fish 0, 


  Generating angular speed cut using range [-40.00, 40.00] rad/s with 2 buffer frames
    ... for fish 0, 


  Combining all cuts.... 
    ... for fish 0, 

        Trial object saved as /disk1/astyanax-mexicanus/data/20190724_SF_n1_t1_3441/trial.pik 
6
data/20190727_Ti_n2_t1_3138
  Directory organized properly.

        Trial object loaded from /disk1/astyanax-mexicanus/data/20190727_Ti_n2_t1_3138/trial.pik 

        Trial object saved as /disk1/astyanax-mexicanus/data/20190727_Ti_n2_t1_3138/trial.pik 

       Converting pixels to (x,y) space in (cm,cm).

       /disk1/astyanax-mexicanus/data/20190727_Ti_n2_t1_3138/trial.pik converted according to tank size and location
       as specified in data/20190727_Ti_n2_t1_3138/tank.pik
       Calculating kinematics...

        Trial object saved as /disk1/astyanax-mexicanus/data/20190727_Ti_n2_t1_3138/trial.pik 

       ... kinematics calculated for Trial and saved in
             /disk1/astyanax-mexicanus/data/20190727_Ti_n2_t1_3138/trial.pik 

        Trial object saved as /disk1/astyanax-mexicanus/data/20190727_Ti_n2_t1_3138/trial.pik 
  Directory organized properly.

        Trial object loaded from /disk1/astyanax-mexicanus/data/20190727_Ti_n2_t1_3138/trial.pik 

        Trial object saved as /disk1/astyanax-mexicanus/data/20190727_Ti_n2_t1_3138/trial.pik 

       Calculating neighbor distance and alignment across group... 

       ... done 


  Generating occlusion cut using min d_nn = 0.00 cm with 2 buffer frames
    ... for fish 0, 
    ... for fish 1, 


  Generating speed cut using range [1.00, 100.00] cm/s with 2 buffer frames
    ... for fish 0, 
    ... for fish 1, 


  Generating angular speed cut using range [-40.00, 40.00] rad/s with 2 buffer frames
    ... for fish 0, 
    ... for fish 1, 


  Combining all cuts.... 
    ... for fish 0, 
    ... for fish 1, 

        Trial object saved as /disk1/astyanax-mexicanus/data/20190727_Ti_n2_t1_3138/trial.pik 
1
data/20190815_Mo_n5_t2_3120
  Directory organized properly.

        Trial object loaded from /disk1/astyanax-mexicanus/data/20190815_Mo_n5_t2_3120/trial.pik 

        Trial object saved as /disk1/astyanax-mexicanus/data/20190815_Mo_n5_t2_3120/trial.pik 

       Converting pixels to (x,y) space in (cm,cm).

       /disk1/astyanax-mexicanus/data/20190815_Mo_n5_t2_3120/trial.pik converted according to tank size and location
       as specified in data/20190815_Mo_n5_t2_3120/tank.pik
       Calculating kinematics...

        Trial object saved as /disk1/astyanax-mexicanus/data/20190815_Mo_n5_t2_3120/trial.pik 

       ... kinematics calculated for Trial and saved in
             /disk1/astyanax-mexicanus/data/20190815_Mo_n5_t2_3120/trial.pik 

        Trial object saved as /disk1/astyanax-mexicanus/data/20190815_Mo_n5_t2_3120/trial.pik 
  Directory organized properly.

        Trial object loaded from /disk1/astyanax-mexicanus/data/20190815_Mo_n5_t2_3120/trial.pik 

        Trial object saved as /disk1/astyanax-mexicanus/data/20190815_Mo_n5_t2_3120/trial.pik 

       Calculating neighbor distance and alignment across group... 

       ... done 


  Generating occlusion cut using min d_nn = 0.00 cm with 2 buffer frames
    ... for fish 0, 
    ... for fish 1, 
    ... for fish 2, 
    ... for fish 3, 
    ... for fish 4, 


  Generating speed cut using range [1.00, 100.00] cm/s with 2 buffer frames
    ... for fish 0, 
    ... for fish 1, 
    ... for fish 2, 
    ... for fish 3, 
    ... for fish 4, 


  Generating angular speed cut using range [-40.00, 40.00] rad/s with 2 buffer frames
    ... for fish 0, 
    ... for fish 1, 
    ... for fish 2, 
    ... for fish 3, 
    ... for fish 4, 


  Combining all cuts.... 
    ... for fish 0, 
    ... for fish 1, 
    ... for fish 2, 
    ... for fish 3, 
    ... for fish 4, 

        Trial object saved as /disk1/astyanax-mexicanus/data/20190815_Mo_n5_t2_3120/trial.pik 
/home/apatch/.local/lib/python3.6/site-packages/numpy/core/fromnumeric.py:3257: RuntimeWarning: Mean of empty slice.
  out=out, **kwargs)
/home/apatch/.local/lib/python3.6/site-packages/numpy/core/_methods.py:161: RuntimeWarning: invalid value encountered in double_scalars
  ret = ret.dtype.type(ret / rcount)
/home/apatch/.local/lib/python3.6/site-packages/numpy/core/_methods.py:217: RuntimeWarning: Degrees of freedom <= 0 for slice
  keepdims=keepdims)
/home/apatch/.local/lib/python3.6/site-packages/numpy/core/_methods.py:186: RuntimeWarning: invalid value encountered in true_divide
  arrmean, rcount, out=arrmean, casting='unsafe', subok=False)
/home/apatch/.local/lib/python3.6/site-packages/numpy/core/_methods.py:209: RuntimeWarning: invalid value encountered in double_scalars
  ret = ret.dtype.type(ret / rcount)
/home/apatch/.local/lib/python3.6/site-packages/numpy/lib/histograms.py:898: RuntimeWarning: invalid value encountered in true_divide
  return n/db/n.sum(), bin_edges
/disk1/astyanax-mexicanus/cv-tracer/Analysis/Math.py:24: RuntimeWarning: Mean of empty slice
  mean_tmp = np.nanmean(l)
/home/apatch/.local/lib/python3.6/site-packages/numpy/lib/nanfunctions.py:1666: RuntimeWarning: Degrees of freedom <= 0 for slice.
  keepdims=keepdims)
/disk1/astyanax-mexicanus/cv-tracer/Analysis/Math.py:43: RuntimeWarning: Mean of empty slice
  bin_mean = np.nanmean(l[valid,i,1])
0
none left
